<?xml version="1.0" encoding="UTF-8"?>
<testng-results skipped="0" failed="1" ignored="0" total="2" passed="1">
  <reporter-output>
  </reporter-output>
  <suite name="Default suite" duration-ms="396" started-at="2017-12-31T09:26:43Z" finished-at="2017-12-31T09:26:43Z">
    <groups>
      <group name="cucumber">
        <method signature="AbstractTestNGCucumberTests.feature(cucumber.api.testng.CucumberFeatureWrapper)[pri:0, instance:com.api.cucumber.runner.PostTestNgRunner@2b98378d]" name="feature" class="cucumber.api.testng.AbstractTestNGCucumberTests"/>
      </group> <!-- cucumber -->
    </groups>
    <test name="Default test" duration-ms="396" started-at="2017-12-31T09:26:43Z" finished-at="2017-12-31T09:26:43Z">
      <class name="com.api.cucumber.runner.PostTestNgRunner">
        <test-method status="PASS" signature="setUpClass()[pri:0, instance:com.api.cucumber.runner.PostTestNgRunner@2b98378d]" name="setUpClass" is-config="true" duration-ms="170" started-at="2017-12-31T14:56:43Z" finished-at="2017-12-31T14:56:43Z">
          <reporter-output>
          </reporter-output>
        </test-method> <!-- setUpClass -->
        <test-method status="PASS" signature="feature(cucumber.api.testng.CucumberFeatureWrapper)[pri:0, instance:com.api.cucumber.runner.PostTestNgRunner@2b98378d]" name="feature" duration-ms="129" started-at="2017-12-31T14:56:43Z" description="Runs Cucumber Feature" data-provider="features" finished-at="2017-12-31T14:56:43Z">
          <params>
            <param index="0">
              <value>
                <![CDATA[User Login Feature]]>
              </value>
            </param>
          </params>
          <reporter-output>
          </reporter-output>
        </test-method> <!-- feature -->
        <test-method status="FAIL" signature="feature(cucumber.api.testng.CucumberFeatureWrapper)[pri:0, instance:com.api.cucumber.runner.PostTestNgRunner@2b98378d]" name="feature" duration-ms="9" started-at="2017-12-31T14:56:43Z" description="Runs Cucumber Feature" data-provider="features" finished-at="2017-12-31T14:56:43Z">
          <params>
            <param index="0">
              <value>
                <![CDATA[Post feature of facebook]]>
              </value>
            </param>
          </params>
          <exception class="cucumber.runtime.CucumberException">
            <message>
              <![CDATA[java.lang.ArithmeticException: / by zero]]>
            </message>
            <full-stacktrace>
              <![CDATA[cucumber.runtime.CucumberException: java.lang.ArithmeticException: / by zeroat cucumber.api.testng.TestNGCucumberRunner.runCucumber(TestNGCucumberRunner.java:69)at cucumber.api.testng.AbstractTestNGCucumberTests.feature(AbstractTestNGCucumberTests.java:21)at sun.reflect.NativeMethodAccessorImpl.invoke0(Native Method)at sun.reflect.NativeMethodAccessorImpl.invoke(NativeMethodAccessorImpl.java:62)at sun.reflect.DelegatingMethodAccessorImpl.invoke(DelegatingMethodAccessorImpl.java:43)at java.lang.reflect.Method.invoke(Method.java:498)at org.testng.internal.MethodInvocationHelper.invokeMethod(MethodInvocationHelper.java:124)at org.testng.internal.Invoker.invokeMethod(Invoker.java:571)at org.testng.internal.Invoker.invokeTestMethod(Invoker.java:707)at org.testng.internal.Invoker.invokeTestMethods(Invoker.java:979)at org.testng.internal.TestMethodWorker.invokeTestMethods(TestMethodWorker.java:125)at org.testng.internal.TestMethodWorker.run(TestMethodWorker.java:109)at org.testng.TestRunner.privateRun(TestRunner.java:648)at org.testng.TestRunner.run(TestRunner.java:505)at org.testng.SuiteRunner.runTest(SuiteRunner.java:455)at org.testng.SuiteRunner.runSequentially(SuiteRunner.java:450)at org.testng.SuiteRunner.privateRun(SuiteRunner.java:415)at org.testng.SuiteRunner.run(SuiteRunner.java:364)at org.testng.SuiteRunnerWorker.runSuite(SuiteRunnerWorker.java:52)at org.testng.SuiteRunnerWorker.run(SuiteRunnerWorker.java:84)at org.testng.TestNG.runSuitesSequentially(TestNG.java:1187)at org.testng.TestNG.runSuitesLocally(TestNG.java:1116)at org.testng.TestNG.runSuites(TestNG.java:1028)at org.testng.TestNG.run(TestNG.java:996)at org.testng.remote.AbstractRemoteTestNG.run(AbstractRemoteTestNG.java:114)at org.testng.remote.RemoteTestNG.initAndRun(RemoteTestNG.java:251)at org.testng.remote.RemoteTestNG.main(RemoteTestNG.java:77)Caused by: java.lang.ArithmeticException: / by zeroat com.api.cucumber.stepdfn.PostStepDfn.user_supply_the_youtube_link_as_something_in_the_text_box(PostStepDfn.java:72)at âœ½.When User supply the Youtube link as "http://www.google.com" in the text box(src/main/java/com/api/cucumber/featurefile/PostFeature.feature:14)]]>
            </full-stacktrace>
          </exception> <!-- cucumber.runtime.CucumberException -->
          <reporter-output>
          </reporter-output>
        </test-method> <!-- feature -->
        <test-method status="PASS" signature="tearDownClass()[pri:0, instance:com.api.cucumber.runner.PostTestNgRunner@2b98378d]" name="tearDownClass" is-config="true" duration-ms="5" started-at="2017-12-31T14:56:43Z" finished-at="2017-12-31T14:56:43Z">
          <reporter-output>
          </reporter-output>
        </test-method> <!-- tearDownClass -->
      </class> <!-- com.api.cucumber.runner.PostTestNgRunner -->
    </test> <!-- Default test -->
  </suite> <!-- Default suite -->
</testng-results>
